<?xml version="1.0" encoding="UTF-8"?>
<!-- Generated by org.testng.reporters.JUnitXMLReporter -->
<testsuite hostname="BHAGYESH-VAIO" ignored="1" name="Default test" tests="2" failures="0" timestamp="2022-09-27T15:08:21 IST" time="0.31" errors="0">
  <testcase name="createAccount" time="0.029" classname="org.testNG_Ex3.EnableFunction"/>
  <testcase name="deleteAccount" time="0.004" classname="org.testNG_Ex3.EnableFunction"/>
  <testcase name="updateAccount" time="0.0" classname="org.testNG_Ex3.EnableFunction">
    <ignored/>
  </testcase> <!-- updateAccount -->
</testsuite> <!-- Default test -->

