<?xml version="1.0" encoding="UTF-8"?>
<!-- Generated by org.testng.reporters.JUnitXMLReporter -->
<testsuite hostname="BHAGYESH-VAIO" ignored="0" name="Regrassion_Suit -STAGE" tests="3" failures="0" timestamp="2022-07-29T12:06:21 IST" time="0.02" errors="0">
  <testcase name="createUser" time="0.002" classname="org.testNG_EX1.UserManagerStage"/>
  <testcase name="deleteUser" time="0.002" classname="org.testNG_EX1.UserManagerStage"/>
  <testcase name="updateUser" time="0.003" classname="org.testNG_EX1.UserManagerStage"/>
</testsuite> <!-- Regrassion_Suit -STAGE -->
