<?xml version="1.0" encoding="UTF-8"?>
<!-- Generated by org.testng.reporters.JUnitXMLReporter -->
<testsuite hostname="BHAGYESH-VAIO" ignored="0" name="Regrassion_Suit -DEV" tests="3" failures="0" timestamp="2022-07-29T12:06:20 IST" time="0.153" errors="0">
  <testcase name="createUser" time="0.012" classname="org.testNG_EX1.UserManagerDev"/>
  <testcase name="deleteUser" time="0.003" classname="org.testNG_EX1.UserManagerDev"/>
  <testcase name="updateUser" time="0.003" classname="org.testNG_EX1.UserManagerDev"/>
</testsuite> <!-- Regrassion_Suit -DEV -->
