<?xml version="1.0" encoding="UTF-8"?>
<!-- Generated by org.testng.reporters.JUnitXMLReporter -->
<testsuite hostname="BHAGYESH-VAIO" ignored="0" name="Test_2" tests="3" failures="0" timestamp="2022-07-29T14:10:31 IST" time="0.144" errors="0">
  <testcase name="createAccount" time="0.011" classname="org.testNG_EX1.AccountManager"/>
  <testcase name="deleteAccount" time="0.011" classname="org.testNG_EX1.AccountManager"/>
  <testcase name="updateAccount" time="0.004" classname="org.testNG_EX1.AccountManager"/>
</testsuite> <!-- Test_2 -->
