<?xml version="1.0" encoding="UTF-8"?>
<!-- Generated by org.testng.reporters.JUnitXMLReporter -->
<testsuite hostname="BHAGYESH-VAIO" ignored="0" name="Test_1" tests="3" failures="0" timestamp="2022-07-29T14:10:31 IST" time="0.155" errors="0">
  <testcase name="createUser" time="0.012" classname="org.testNG_EX1.UserManager"/>
  <testcase name="deleteUser" time="0.004" classname="org.testNG_EX1.UserManager"/>
  <testcase name="updateUser" time="0.012" classname="org.testNG_EX1.UserManager"/>
</testsuite> <!-- Test_1 -->
