<?xml version="1.0" encoding="UTF-8"?>
<!-- Generated by org.testng.reporters.JUnitXMLReporter -->
<testsuite hostname="BHAGYESH-VAIO" ignored="6" name="Test" tests="2" failures="0" timestamp="2022-07-29T14:36:52 IST" time="0.081" errors="0">
  <testcase name="test_3" time="0.013" classname="org.testNG_Ex3.GroupingEx"/>
  <testcase name="test_6" time="0.003" classname="org.testNG_Ex3.GroupingEx"/>
  <testcase name="test_1" time="0.0" classname="org.testNG_Ex3.GroupingEx">
    <ignored/>
  </testcase> <!-- test_1 -->
  <testcase name="test_4" time="0.0" classname="org.testNG_Ex3.GroupingEx">
    <ignored/>
  </testcase> <!-- test_4 -->
  <testcase name="test_2" time="0.0" classname="org.testNG_Ex3.GroupingEx">
    <ignored/>
  </testcase> <!-- test_2 -->
  <testcase name="test_5" time="0.0" classname="org.testNG_Ex3.GroupingEx">
    <ignored/>
  </testcase> <!-- test_5 -->
  <testcase name="test_" time="0.0" classname="org.testNG_Ex3.GroupingEx">
    <ignored/>
  </testcase> <!-- test_ -->
  <testcase name="test_7" time="0.0" classname="org.testNG_Ex3.GroupingEx">
    <ignored/>
  </testcase> <!-- test_7 -->
</testsuite> <!-- Test -->
