<?xml version="1.0" encoding="UTF-8"?>
<testng-results skipped="0" failed="0" ignored="1" total="3" passed="2">
  <reporter-output>
  </reporter-output>
  <suite name="Default suite" duration-ms="294" started-at="2022-09-27T15:08:20 IST" finished-at="2022-09-27T15:08:20 IST">
    <groups>
    </groups>
    <test name="Default test" duration-ms="294" started-at="2022-09-27T15:08:20 IST" finished-at="2022-09-27T15:08:20 IST">
      <class name="org.testNG_Ex3.EnableFunction">
        <test-method status="PASS" signature="createAccount()[pri:0, instance:org.testNG_Ex3.EnableFunction@74ad1f1f]" name="createAccount" duration-ms="27" started-at="2022-09-27T15:08:20 IST" finished-at="2022-09-27T15:08:20 IST">
          <reporter-output>
          </reporter-output>
        </test-method> <!-- createAccount -->
        <test-method status="PASS" signature="deleteAccount()[pri:0, instance:org.testNG_Ex3.EnableFunction@74ad1f1f]" name="deleteAccount" duration-ms="2" started-at="2022-09-27T15:08:20 IST" finished-at="2022-09-27T15:08:20 IST">
          <reporter-output>
          </reporter-output>
        </test-method> <!-- deleteAccount -->
      </class> <!-- org.testNG_Ex3.EnableFunction -->
    </test> <!-- Default test -->
  </suite> <!-- Default suite -->
</testng-results>
